{"/home/katarina/Desktop/Capstone/our_project/test-runner/lambdas/test-runner/entities/TestConfiguration.js": {"path":"/home/katarina/Desktop/Capstone/our_project/test-runner/lambdas/test-runner/entities/TestConfiguration.js","statementMap":{"0":{"start":{"line":4,"column":16},"end":{"line":4,"column":42}},"1":{"start":{"line":10,"column":4},"end":{"line":10,"column":23}},"2":{"start":{"line":11,"column":4},"end":{"line":11,"column":37}},"3":{"start":{"line":12,"column":4},"end":{"line":12,"column":31}},"4":{"start":{"line":13,"column":4},"end":{"line":13,"column":33}},"5":{"start":{"line":14,"column":4},"end":{"line":14,"column":45}},"6":{"start":{"line":18,"column":20},"end":{"line":18,"column":22}},"7":{"start":{"line":26,"column":4},"end":{"line":106,"column":5}},"8":{"start":{"line":26,"column":17},"end":{"line":26,"column":18}},"9":{"start":{"line":27,"column":24},"end":{"line":27,"column":42}},"10":{"start":{"line":28,"column":34},"end":{"line":28,"column":43}},"11":{"start":{"line":29,"column":28},"end":{"line":29,"column":51}},"12":{"start":{"line":30,"column":6},"end":{"line":105,"column":7}},"13":{"start":{"line":32,"column":10},"end":{"line":32,"column":41}},"14":{"start":{"line":33,"column":10},"end":{"line":33,"column":40}},"15":{"start":{"line":34,"column":10},"end":{"line":34,"column":48}},"16":{"start":{"line":35,"column":10},"end":{"line":35,"column":26}},"17":{"start":{"line":37,"column":10},"end":{"line":39,"column":13}},"18":{"start":{"line":40,"column":10},"end":{"line":42,"column":13}},"19":{"start":{"line":44,"column":10},"end":{"line":44,"column":16}},"20":{"start":{"line":46,"column":10},"end":{"line":46,"column":41}},"21":{"start":{"line":47,"column":10},"end":{"line":47,"column":61}},"22":{"start":{"line":48,"column":10},"end":{"line":48,"column":48}},"23":{"start":{"line":49,"column":10},"end":{"line":49,"column":26}},"24":{"start":{"line":51,"column":10},"end":{"line":53,"column":13}},"25":{"start":{"line":54,"column":10},"end":{"line":56,"column":13}},"26":{"start":{"line":57,"column":10},"end":{"line":57,"column":16}},"27":{"start":{"line":59,"column":10},"end":{"line":59,"column":45}},"28":{"start":{"line":60,"column":10},"end":{"line":60,"column":48}},"29":{"start":{"line":61,"column":10},"end":{"line":61,"column":41}},"30":{"start":{"line":62,"column":10},"end":{"line":62,"column":40}},"31":{"start":{"line":64,"column":10},"end":{"line":65,"column":70}},"32":{"start":{"line":66,"column":10},"end":{"line":66,"column":59}},"33":{"start":{"line":68,"column":10},"end":{"line":70,"column":13}},"34":{"start":{"line":71,"column":10},"end":{"line":71,"column":16}},"35":{"start":{"line":73,"column":10},"end":{"line":73,"column":49}},"36":{"start":{"line":74,"column":10},"end":{"line":74,"column":64}},"37":{"start":{"line":75,"column":10},"end":{"line":75,"column":48}},"38":{"start":{"line":76,"column":10},"end":{"line":76,"column":29}},"39":{"start":{"line":78,"column":10},"end":{"line":84,"column":11}},"40":{"start":{"line":79,"column":12},"end":{"line":79,"column":28}},"41":{"start":{"line":81,"column":33},"end":{"line":81,"column":46}},"42":{"start":{"line":82,"column":12},"end":{"line":82,"column":102}},"43":{"start":{"line":83,"column":12},"end":{"line":83,"column":96}},"44":{"start":{"line":86,"column":10},"end":{"line":89,"column":11}},"45":{"start":{"line":87,"column":12},"end":{"line":87,"column":38}},"46":{"start":{"line":88,"column":12},"end":{"line":88,"column":59}},"47":{"start":{"line":91,"column":10},"end":{"line":93,"column":13}},"48":{"start":{"line":95,"column":10},"end":{"line":95,"column":16}},"49":{"start":{"line":97,"column":10},"end":{"line":104,"column":13}},"50":{"start":{"line":107,"column":4},"end":{"line":107,"column":19}},"51":{"start":{"line":113,"column":4},"end":{"line":132,"column":5}},"52":{"start":{"line":115,"column":8},"end":{"line":115,"column":42}},"53":{"start":{"line":116,"column":8},"end":{"line":116,"column":43}},"54":{"start":{"line":117,"column":8},"end":{"line":117,"column":14}},"55":{"start":{"line":119,"column":8},"end":{"line":119,"column":42}},"56":{"start":{"line":120,"column":8},"end":{"line":120,"column":43}},"57":{"start":{"line":121,"column":8},"end":{"line":121,"column":14}},"58":{"start":{"line":123,"column":8},"end":{"line":123,"column":42}},"59":{"start":{"line":124,"column":8},"end":{"line":124,"column":53}},"60":{"start":{"line":125,"column":8},"end":{"line":125,"column":14}},"61":{"start":{"line":127,"column":8},"end":{"line":127,"column":42}},"62":{"start":{"line":128,"column":8},"end":{"line":128,"column":53}},"63":{"start":{"line":129,"column":8},"end":{"line":129,"column":14}},"64":{"start":{"line":131,"column":8},"end":{"line":131,"column":23}},"65":{"start":{"line":133,"column":4},"end":{"line":133,"column":18}},"66":{"start":{"line":139,"column":4},"end":{"line":168,"column":5}},"67":{"start":{"line":141,"column":8},"end":{"line":141,"column":88}},"68":{"start":{"line":142,"column":8},"end":{"line":142,"column":14}},"69":{"start":{"line":144,"column":8},"end":{"line":144,"column":88}},"70":{"start":{"line":145,"column":8},"end":{"line":145,"column":14}},"71":{"start":{"line":147,"column":8},"end":{"line":147,"column":74}},"72":{"start":{"line":148,"column":8},"end":{"line":148,"column":14}},"73":{"start":{"line":150,"column":8},"end":{"line":150,"column":74}},"74":{"start":{"line":151,"column":8},"end":{"line":151,"column":14}},"75":{"start":{"line":153,"column":8},"end":{"line":153,"column":80}},"76":{"start":{"line":154,"column":8},"end":{"line":154,"column":14}},"77":{"start":{"line":156,"column":8},"end":{"line":156,"column":81}},"78":{"start":{"line":157,"column":8},"end":{"line":157,"column":14}},"79":{"start":{"line":159,"column":8},"end":{"line":160,"column":36}},"80":{"start":{"line":161,"column":8},"end":{"line":161,"column":14}},"81":{"start":{"line":163,"column":8},"end":{"line":164,"column":36}},"82":{"start":{"line":165,"column":8},"end":{"line":165,"column":14}},"83":{"start":{"line":167,"column":8},"end":{"line":167,"column":23}},"84":{"start":{"line":169,"column":4},"end":{"line":169,"column":18}},"85":{"start":{"line":175,"column":4},"end":{"line":276,"column":5}},"86":{"start":{"line":177,"column":8},"end":{"line":177,"column":42}},"87":{"start":{"line":178,"column":8},"end":{"line":178,"column":43}},"88":{"start":{"line":179,"column":8},"end":{"line":179,"column":14}},"89":{"start":{"line":181,"column":8},"end":{"line":181,"column":42}},"90":{"start":{"line":182,"column":8},"end":{"line":182,"column":43}},"91":{"start":{"line":183,"column":8},"end":{"line":183,"column":14}},"92":{"start":{"line":185,"column":8},"end":{"line":185,"column":45}},"93":{"start":{"line":186,"column":8},"end":{"line":186,"column":14}},"94":{"start":{"line":188,"column":8},"end":{"line":188,"column":45}},"95":{"start":{"line":189,"column":8},"end":{"line":189,"column":14}},"96":{"start":{"line":191,"column":8},"end":{"line":197,"column":9}},"97":{"start":{"line":192,"column":10},"end":{"line":192,"column":72}},"98":{"start":{"line":193,"column":15},"end":{"line":197,"column":9}},"99":{"start":{"line":194,"column":10},"end":{"line":194,"column":53}},"100":{"start":{"line":196,"column":10},"end":{"line":196,"column":55}},"101":{"start":{"line":198,"column":8},"end":{"line":198,"column":14}},"102":{"start":{"line":200,"column":8},"end":{"line":206,"column":9}},"103":{"start":{"line":201,"column":10},"end":{"line":201,"column":73}},"104":{"start":{"line":202,"column":15},"end":{"line":206,"column":9}},"105":{"start":{"line":203,"column":10},"end":{"line":203,"column":54}},"106":{"start":{"line":205,"column":10},"end":{"line":205,"column":55}},"107":{"start":{"line":207,"column":8},"end":{"line":207,"column":14}},"108":{"start":{"line":209,"column":8},"end":{"line":209,"column":42}},"109":{"start":{"line":210,"column":8},"end":{"line":210,"column":44}},"110":{"start":{"line":211,"column":8},"end":{"line":211,"column":14}},"111":{"start":{"line":213,"column":8},"end":{"line":213,"column":42}},"112":{"start":{"line":214,"column":8},"end":{"line":214,"column":44}},"113":{"start":{"line":215,"column":8},"end":{"line":215,"column":14}},"114":{"start":{"line":217,"column":8},"end":{"line":219,"column":9}},"115":{"start":{"line":218,"column":10},"end":{"line":218,"column":23}},"116":{"start":{"line":220,"column":8},"end":{"line":220,"column":59}},"117":{"start":{"line":221,"column":8},"end":{"line":221,"column":14}},"118":{"start":{"line":223,"column":8},"end":{"line":225,"column":9}},"119":{"start":{"line":224,"column":10},"end":{"line":224,"column":22}},"120":{"start":{"line":226,"column":8},"end":{"line":226,"column":60}},"121":{"start":{"line":227,"column":8},"end":{"line":227,"column":14}},"122":{"start":{"line":229,"column":8},"end":{"line":231,"column":9}},"123":{"start":{"line":230,"column":10},"end":{"line":230,"column":23}},"124":{"start":{"line":232,"column":8},"end":{"line":232,"column":61}},"125":{"start":{"line":233,"column":8},"end":{"line":233,"column":14}},"126":{"start":{"line":235,"column":8},"end":{"line":237,"column":9}},"127":{"start":{"line":236,"column":10},"end":{"line":236,"column":22}},"128":{"start":{"line":238,"column":8},"end":{"line":238,"column":62}},"129":{"start":{"line":239,"column":8},"end":{"line":239,"column":14}},"130":{"start":{"line":241,"column":8},"end":{"line":243,"column":9}},"131":{"start":{"line":242,"column":10},"end":{"line":242,"column":23}},"132":{"start":{"line":244,"column":8},"end":{"line":252,"column":9}},"133":{"start":{"line":245,"column":10},"end":{"line":245,"column":44}},"134":{"start":{"line":246,"column":15},"end":{"line":252,"column":9}},"135":{"start":{"line":247,"column":10},"end":{"line":247,"column":25}},"136":{"start":{"line":248,"column":15},"end":{"line":252,"column":9}},"137":{"start":{"line":249,"column":10},"end":{"line":249,"column":54}},"138":{"start":{"line":251,"column":10},"end":{"line":251,"column":46}},"139":{"start":{"line":253,"column":8},"end":{"line":253,"column":14}},"140":{"start":{"line":255,"column":8},"end":{"line":257,"column":9}},"141":{"start":{"line":256,"column":10},"end":{"line":256,"column":23}},"142":{"start":{"line":258,"column":8},"end":{"line":266,"column":9}},"143":{"start":{"line":259,"column":10},"end":{"line":259,"column":44}},"144":{"start":{"line":260,"column":15},"end":{"line":266,"column":9}},"145":{"start":{"line":261,"column":10},"end":{"line":261,"column":25}},"146":{"start":{"line":262,"column":15},"end":{"line":266,"column":9}},"147":{"start":{"line":263,"column":10},"end":{"line":263,"column":55}},"148":{"start":{"line":265,"column":10},"end":{"line":265,"column":46}},"149":{"start":{"line":267,"column":8},"end":{"line":267,"column":14}},"150":{"start":{"line":269,"column":8},"end":{"line":269,"column":38}},"151":{"start":{"line":270,"column":8},"end":{"line":270,"column":14}},"152":{"start":{"line":272,"column":8},"end":{"line":272,"column":38}},"153":{"start":{"line":273,"column":8},"end":{"line":273,"column":14}},"154":{"start":{"line":275,"column":8},"end":{"line":275,"column":23}},"155":{"start":{"line":277,"column":4},"end":{"line":277,"column":18}},"156":{"start":{"line":281,"column":0},"end":{"line":281,"column":35}}},"fnMap":{"0":{"name":"(anonymous_0)","decl":{"start":{"line":7,"column":2},"end":{"line":7,"column":3}},"loc":{"start":{"line":9,"column":5},"end":{"line":15,"column":3}},"line":9},"1":{"name":"(anonymous_1)","decl":{"start":{"line":17,"column":2},"end":{"line":17,"column":3}},"loc":{"start":{"line":17,"column":28},"end":{"line":108,"column":3}},"line":17},"2":{"name":"(anonymous_2)","decl":{"start":{"line":110,"column":2},"end":{"line":110,"column":3}},"loc":{"start":{"line":110,"column":80},"end":{"line":134,"column":3}},"line":110},"3":{"name":"(anonymous_3)","decl":{"start":{"line":136,"column":2},"end":{"line":136,"column":3}},"loc":{"start":{"line":136,"column":66},"end":{"line":170,"column":3}},"line":136},"4":{"name":"(anonymous_4)","decl":{"start":{"line":172,"column":2},"end":{"line":172,"column":3}},"loc":{"start":{"line":172,"column":65},"end":{"line":278,"column":3}},"line":172}},"branchMap":{"0":{"loc":{"start":{"line":30,"column":6},"end":{"line":105,"column":7}},"type":"switch","locations":[{"start":{"line":31,"column":8},"end":{"line":44,"column":16}},{"start":{"line":45,"column":8},"end":{"line":57,"column":16}},{"start":{"line":58,"column":8},"end":{"line":71,"column":16}},{"start":{"line":72,"column":8},"end":{"line":95,"column":16}},{"start":{"line":96,"column":8},"end":{"line":104,"column":13}}],"line":30},"1":{"loc":{"start":{"line":66,"column":24},"end":{"line":66,"column":58}},"type":"binary-expr","locations":[{"start":{"line":66,"column":24},"end":{"line":66,"column":50}},{"start":{"line":66,"column":54},"end":{"line":66,"column":58}}],"line":66},"2":{"loc":{"start":{"line":73,"column":24},"end":{"line":73,"column":48}},"type":"binary-expr","locations":[{"start":{"line":73,"column":24},"end":{"line":73,"column":40}},{"start":{"line":73,"column":44},"end":{"line":73,"column":48}}],"line":73},"3":{"loc":{"start":{"line":78,"column":10},"end":{"line":84,"column":11}},"type":"if","locations":[{"start":{"line":78,"column":10},"end":{"line":84,"column":11}},{"start":{"line":80,"column":17},"end":{"line":84,"column":11}}],"line":78},"4":{"loc":{"start":{"line":78,"column":14},"end":{"line":78,"column":102}},"type":"binary-expr","locations":[{"start":{"line":78,"column":15},"end":{"line":78,"column":29}},{"start":{"line":78,"column":35},"end":{"line":78,"column":64}},{"start":{"line":78,"column":68},"end":{"line":78,"column":101}}],"line":78},"5":{"loc":{"start":{"line":82,"column":26},"end":{"line":82,"column":101}},"type":"cond-expr","locations":[{"start":{"line":82,"column":46},"end":{"line":82,"column":86}},{"start":{"line":82,"column":89},"end":{"line":82,"column":101}}],"line":82},"6":{"loc":{"start":{"line":86,"column":10},"end":{"line":89,"column":11}},"type":"if","locations":[{"start":{"line":86,"column":10},"end":{"line":89,"column":11}},{"start":{},"end":{}}],"line":86},"7":{"loc":{"start":{"line":86,"column":14},"end":{"line":86,"column":75}},"type":"binary-expr","locations":[{"start":{"line":86,"column":14},"end":{"line":86,"column":45}},{"start":{"line":86,"column":49},"end":{"line":86,"column":75}}],"line":86},"8":{"loc":{"start":{"line":88,"column":23},"end":{"line":88,"column":58}},"type":"cond-expr","locations":[{"start":{"line":88,"column":43},"end":{"line":88,"column":47}},{"start":{"line":88,"column":50},"end":{"line":88,"column":58}}],"line":88},"9":{"loc":{"start":{"line":113,"column":4},"end":{"line":132,"column":5}},"type":"switch","locations":[{"start":{"line":114,"column":6},"end":{"line":117,"column":14}},{"start":{"line":118,"column":6},"end":{"line":121,"column":14}},{"start":{"line":122,"column":6},"end":{"line":125,"column":14}},{"start":{"line":126,"column":6},"end":{"line":129,"column":14}},{"start":{"line":130,"column":6},"end":{"line":131,"column":23}}],"line":113},"10":{"loc":{"start":{"line":139,"column":4},"end":{"line":168,"column":5}},"type":"switch","locations":[{"start":{"line":140,"column":6},"end":{"line":142,"column":14}},{"start":{"line":143,"column":6},"end":{"line":145,"column":14}},{"start":{"line":146,"column":6},"end":{"line":148,"column":14}},{"start":{"line":149,"column":6},"end":{"line":151,"column":14}},{"start":{"line":152,"column":6},"end":{"line":154,"column":14}},{"start":{"line":155,"column":6},"end":{"line":157,"column":14}},{"start":{"line":158,"column":6},"end":{"line":161,"column":14}},{"start":{"line":162,"column":6},"end":{"line":165,"column":14}},{"start":{"line":166,"column":6},"end":{"line":167,"column":23}}],"line":139},"11":{"loc":{"start":{"line":175,"column":4},"end":{"line":276,"column":5}},"type":"switch","locations":[{"start":{"line":176,"column":6},"end":{"line":179,"column":14}},{"start":{"line":180,"column":6},"end":{"line":183,"column":14}},{"start":{"line":184,"column":6},"end":{"line":186,"column":14}},{"start":{"line":187,"column":6},"end":{"line":189,"column":14}},{"start":{"line":190,"column":6},"end":{"line":198,"column":14}},{"start":{"line":199,"column":6},"end":{"line":207,"column":14}},{"start":{"line":208,"column":6},"end":{"line":211,"column":14}},{"start":{"line":212,"column":6},"end":{"line":215,"column":14}},{"start":{"line":216,"column":6},"end":{"line":221,"column":14}},{"start":{"line":222,"column":6},"end":{"line":227,"column":14}},{"start":{"line":228,"column":6},"end":{"line":233,"column":14}},{"start":{"line":234,"column":6},"end":{"line":239,"column":14}},{"start":{"line":240,"column":6},"end":{"line":253,"column":14}},{"start":{"line":254,"column":6},"end":{"line":267,"column":14}},{"start":{"line":268,"column":6},"end":{"line":270,"column":14}},{"start":{"line":271,"column":6},"end":{"line":273,"column":14}},{"start":{"line":274,"column":6},"end":{"line":275,"column":23}}],"line":175},"12":{"loc":{"start":{"line":191,"column":8},"end":{"line":197,"column":9}},"type":"if","locations":[{"start":{"line":191,"column":8},"end":{"line":197,"column":9}},{"start":{"line":193,"column":15},"end":{"line":197,"column":9}}],"line":191},"13":{"loc":{"start":{"line":191,"column":12},"end":{"line":191,"column":67}},"type":"binary-expr","locations":[{"start":{"line":191,"column":12},"end":{"line":191,"column":43}},{"start":{"line":191,"column":47},"end":{"line":191,"column":67}}],"line":191},"14":{"loc":{"start":{"line":193,"column":15},"end":{"line":197,"column":9}},"type":"if","locations":[{"start":{"line":193,"column":15},"end":{"line":197,"column":9}},{"start":{"line":195,"column":15},"end":{"line":197,"column":9}}],"line":193},"15":{"loc":{"start":{"line":200,"column":8},"end":{"line":206,"column":9}},"type":"if","locations":[{"start":{"line":200,"column":8},"end":{"line":206,"column":9}},{"start":{"line":202,"column":15},"end":{"line":206,"column":9}}],"line":200},"16":{"loc":{"start":{"line":200,"column":12},"end":{"line":200,"column":67}},"type":"binary-expr","locations":[{"start":{"line":200,"column":12},"end":{"line":200,"column":43}},{"start":{"line":200,"column":47},"end":{"line":200,"column":67}}],"line":200},"17":{"loc":{"start":{"line":202,"column":15},"end":{"line":206,"column":9}},"type":"if","locations":[{"start":{"line":202,"column":15},"end":{"line":206,"column":9}},{"start":{"line":204,"column":15},"end":{"line":206,"column":9}}],"line":202},"18":{"loc":{"start":{"line":217,"column":8},"end":{"line":219,"column":9}},"type":"if","locations":[{"start":{"line":217,"column":8},"end":{"line":219,"column":9}},{"start":{},"end":{}}],"line":217},"19":{"loc":{"start":{"line":217,"column":12},"end":{"line":217,"column":55}},"type":"binary-expr","locations":[{"start":{"line":217,"column":12},"end":{"line":217,"column":37}},{"start":{"line":217,"column":41},"end":{"line":217,"column":55}}],"line":217},"20":{"loc":{"start":{"line":223,"column":8},"end":{"line":225,"column":9}},"type":"if","locations":[{"start":{"line":223,"column":8},"end":{"line":225,"column":9}},{"start":{},"end":{}}],"line":223},"21":{"loc":{"start":{"line":223,"column":12},"end":{"line":223,"column":55}},"type":"binary-expr","locations":[{"start":{"line":223,"column":12},"end":{"line":223,"column":37}},{"start":{"line":223,"column":41},"end":{"line":223,"column":55}}],"line":223},"22":{"loc":{"start":{"line":229,"column":8},"end":{"line":231,"column":9}},"type":"if","locations":[{"start":{"line":229,"column":8},"end":{"line":231,"column":9}},{"start":{},"end":{}}],"line":229},"23":{"loc":{"start":{"line":229,"column":12},"end":{"line":229,"column":67}},"type":"binary-expr","locations":[{"start":{"line":229,"column":12},"end":{"line":229,"column":43}},{"start":{"line":229,"column":47},"end":{"line":229,"column":67}}],"line":229},"24":{"loc":{"start":{"line":235,"column":8},"end":{"line":237,"column":9}},"type":"if","locations":[{"start":{"line":235,"column":8},"end":{"line":237,"column":9}},{"start":{},"end":{}}],"line":235},"25":{"loc":{"start":{"line":235,"column":12},"end":{"line":235,"column":72}},"type":"binary-expr","locations":[{"start":{"line":235,"column":12},"end":{"line":235,"column":43}},{"start":{"line":235,"column":47},"end":{"line":235,"column":72}}],"line":235},"26":{"loc":{"start":{"line":241,"column":8},"end":{"line":243,"column":9}},"type":"if","locations":[{"start":{"line":241,"column":8},"end":{"line":243,"column":9}},{"start":{},"end":{}}],"line":241},"27":{"loc":{"start":{"line":241,"column":12},"end":{"line":241,"column":67}},"type":"binary-expr","locations":[{"start":{"line":241,"column":12},"end":{"line":241,"column":43}},{"start":{"line":241,"column":47},"end":{"line":241,"column":67}}],"line":241},"28":{"loc":{"start":{"line":244,"column":8},"end":{"line":252,"column":9}},"type":"if","locations":[{"start":{"line":244,"column":8},"end":{"line":252,"column":9}},{"start":{"line":246,"column":15},"end":{"line":252,"column":9}}],"line":244},"29":{"loc":{"start":{"line":246,"column":15},"end":{"line":252,"column":9}},"type":"if","locations":[{"start":{"line":246,"column":15},"end":{"line":252,"column":9}},{"start":{"line":248,"column":15},"end":{"line":252,"column":9}}],"line":246},"30":{"loc":{"start":{"line":248,"column":15},"end":{"line":252,"column":9}},"type":"if","locations":[{"start":{"line":248,"column":15},"end":{"line":252,"column":9}},{"start":{"line":250,"column":15},"end":{"line":252,"column":9}}],"line":248},"31":{"loc":{"start":{"line":255,"column":8},"end":{"line":257,"column":9}},"type":"if","locations":[{"start":{"line":255,"column":8},"end":{"line":257,"column":9}},{"start":{},"end":{}}],"line":255},"32":{"loc":{"start":{"line":255,"column":12},"end":{"line":255,"column":67}},"type":"binary-expr","locations":[{"start":{"line":255,"column":12},"end":{"line":255,"column":43}},{"start":{"line":255,"column":47},"end":{"line":255,"column":67}}],"line":255},"33":{"loc":{"start":{"line":258,"column":8},"end":{"line":266,"column":9}},"type":"if","locations":[{"start":{"line":258,"column":8},"end":{"line":266,"column":9}},{"start":{"line":260,"column":15},"end":{"line":266,"column":9}}],"line":258},"34":{"loc":{"start":{"line":260,"column":15},"end":{"line":266,"column":9}},"type":"if","locations":[{"start":{"line":260,"column":15},"end":{"line":266,"column":9}},{"start":{"line":262,"column":15},"end":{"line":266,"column":9}}],"line":260},"35":{"loc":{"start":{"line":262,"column":15},"end":{"line":266,"column":9}},"type":"if","locations":[{"start":{"line":262,"column":15},"end":{"line":266,"column":9}},{"start":{"line":264,"column":15},"end":{"line":266,"column":9}}],"line":262}},"s":{"0":1,"1":1,"2":1,"3":1,"4":1,"5":1,"6":1,"7":1,"8":1,"9":5,"10":5,"11":5,"12":5,"13":1,"14":1,"15":1,"16":1,"17":1,"18":1,"19":1,"20":1,"21":1,"22":1,"23":1,"24":1,"25":1,"26":1,"27":1,"28":1,"29":1,"30":1,"31":1,"32":1,"33":1,"34":1,"35":2,"36":2,"37":2,"38":2,"39":2,"40":0,"41":2,"42":2,"43":2,"44":2,"45":1,"46":1,"47":2,"48":2,"49":0,"50":1,"51":5,"52":3,"53":3,"54":3,"55":0,"56":0,"57":0,"58":1,"59":1,"60":1,"61":1,"62":1,"63":1,"64":0,"65":5,"66":3,"67":0,"68":0,"69":0,"70":0,"71":0,"72":0,"73":1,"74":1,"75":1,"76":1,"77":0,"78":0,"79":1,"80":1,"81":0,"82":0,"83":0,"84":3,"85":24,"86":0,"87":0,"88":0,"89":0,"90":0,"91":0,"92":0,"93":0,"94":1,"95":1,"96":7,"97":3,"98":4,"99":0,"100":4,"101":7,"102":0,"103":0,"104":0,"105":0,"106":0,"107":0,"108":0,"109":0,"110":0,"111":0,"112":0,"113":0,"114":3,"115":3,"116":0,"117":0,"118":1,"119":1,"120":0,"121":0,"122":0,"123":0,"124":0,"125":0,"126":1,"127":1,"128":0,"129":0,"130":4,"131":0,"132":4,"133":2,"134":2,"135":0,"136":2,"137":2,"138":0,"139":4,"140":2,"141":1,"142":1,"143":1,"144":0,"145":0,"146":0,"147":0,"148":0,"149":1,"150":2,"151":2,"152":2,"153":2,"154":1,"155":18,"156":1},"f":{"0":1,"1":1,"2":5,"3":3,"4":24},"b":{"0":[1,1,1,2,0],"1":[1,0],"2":[2,0],"3":[0,2],"4":[2,2,0],"5":[1,1],"6":[1,1],"7":[2,1],"8":[1,0],"9":[3,0,1,1,0],"10":[0,0,0,1,1,0,1,0,0],"11":[0,0,0,1,7,0,0,0,3,1,0,1,4,2,2,2,1],"12":[3,4],"13":[7,5],"14":[0,4],"15":[0,0],"16":[0,0],"17":[0,0],"18":[3,0],"19":[3,0],"20":[1,0],"21":[1,0],"22":[0,0],"23":[0,0],"24":[1,0],"25":[1,0],"26":[0,4],"27":[4,4],"28":[2,2],"29":[0,2],"30":[2,0],"31":[1,1],"32":[2,1],"33":[1,0],"34":[0,0],"35":[0,0]},"_coverageSchema":"1a1c01bbd47fc00a2c39e90264f33305004495a9","hash":"b0b27f07850c6d00e54f011c802ee008a798773d"}
,"/home/katarina/Desktop/Capstone/our_project/test-runner/lambdas/test-runner/entities/utils/helpers.js": {"path":"/home/katarina/Desktop/Capstone/our_project/test-runner/lambdas/test-runner/entities/utils/helpers.js","statementMap":{"0":{"start":{"line":1,"column":27},"end":{"line":19,"column":1}},"1":{"start":{"line":2,"column":2},"end":{"line":6,"column":2}},"2":{"start":{"line":5,"column":2},"end":{"line":5,"column":15}},"3":{"start":{"line":8,"column":2},"end":{"line":10,"column":3}},"4":{"start":{"line":9,"column":4},"end":{"line":9,"column":64}},"5":{"start":{"line":9,"column":31},"end":{"line":9,"column":62}},"6":{"start":{"line":10,"column":4},"end":{"line":17,"column":3}},"7":{"start":{"line":11,"column":4},"end":{"line":13,"column":5}},"8":{"start":{"line":12,"column":6},"end":{"line":12,"column":30}},"9":{"start":{"line":14,"column":17},"end":{"line":14,"column":35}},"10":{"start":{"line":15,"column":19},"end":{"line":15,"column":39}},"11":{"start":{"line":16,"column":4},"end":{"line":16,"column":82}},"12":{"start":{"line":18,"column":2},"end":{"line":18,"column":26}},"13":{"start":{"line":21,"column":16},"end":{"line":40,"column":1}},"14":{"start":{"line":22,"column":1},"end":{"line":26,"column":2}},"15":{"start":{"line":25,"column":2},"end":{"line":25,"column":15}},"16":{"start":{"line":28,"column":2},"end":{"line":30,"column":3}},"17":{"start":{"line":29,"column":4},"end":{"line":29,"column":53}},"18":{"start":{"line":29,"column":31},"end":{"line":29,"column":51}},"19":{"start":{"line":30,"column":4},"end":{"line":38,"column":3}},"20":{"start":{"line":31,"column":4},"end":{"line":33,"column":5}},"21":{"start":{"line":32,"column":6},"end":{"line":32,"column":19}},"22":{"start":{"line":34,"column":17},"end":{"line":34,"column":35}},"23":{"start":{"line":35,"column":19},"end":{"line":35,"column":39}},"24":{"start":{"line":36,"column":4},"end":{"line":37,"column":50}},"25":{"start":{"line":36,"column":30},"end":{"line":36,"column":44}},"26":{"start":{"line":37,"column":28},"end":{"line":37,"column":48}},"27":{"start":{"line":39,"column":2},"end":{"line":39,"column":15}},"28":{"start":{"line":42,"column":18},"end":{"line":60,"column":1}},"29":{"start":{"line":43,"column":1},"end":{"line":47,"column":2}},"30":{"start":{"line":46,"column":2},"end":{"line":46,"column":15}},"31":{"start":{"line":49,"column":2},"end":{"line":51,"column":3}},"32":{"start":{"line":50,"column":4},"end":{"line":50,"column":55}},"33":{"start":{"line":50,"column":31},"end":{"line":50,"column":53}},"34":{"start":{"line":51,"column":4},"end":{"line":58,"column":3}},"35":{"start":{"line":52,"column":4},"end":{"line":54,"column":5}},"36":{"start":{"line":53,"column":6},"end":{"line":53,"column":19}},"37":{"start":{"line":55,"column":19},"end":{"line":55,"column":39}},"38":{"start":{"line":56,"column":4},"end":{"line":57,"column":54}},"39":{"start":{"line":56,"column":32},"end":{"line":56,"column":46}},"40":{"start":{"line":57,"column":30},"end":{"line":57,"column":52}},"41":{"start":{"line":59,"column":2},"end":{"line":59,"column":15}},"42":{"start":{"line":62,"column":17},"end":{"line":66,"column":1}},"43":{"start":{"line":63,"column":15},"end":{"line":63,"column":52}},"44":{"start":{"line":65,"column":2},"end":{"line":65,"column":20}},"45":{"start":{"line":68,"column":22},"end":{"line":68,"column":60}},"46":{"start":{"line":68,"column":31},"end":{"line":68,"column":60}},"47":{"start":{"line":70,"column":23},"end":{"line":76,"column":1}},"48":{"start":{"line":71,"column":2},"end":{"line":75,"column":3}},"49":{"start":{"line":72,"column":4},"end":{"line":72,"column":15}},"50":{"start":{"line":74,"column":4},"end":{"line":74,"column":60}},"51":{"start":{"line":78,"column":0},"end":{"line":85,"column":2}}},"fnMap":{"0":{"name":"(anonymous_0)","decl":{"start":{"line":1,"column":27},"end":{"line":1,"column":28}},"loc":{"start":{"line":1,"column":46},"end":{"line":19,"column":1}},"line":1},"1":{"name":"(anonymous_1)","decl":{"start":{"line":9,"column":22},"end":{"line":9,"column":23}},"loc":{"start":{"line":9,"column":31},"end":{"line":9,"column":62}},"line":9},"2":{"name":"(anonymous_2)","decl":{"start":{"line":21,"column":16},"end":{"line":21,"column":17}},"loc":{"start":{"line":21,"column":35},"end":{"line":40,"column":1}},"line":21},"3":{"name":"(anonymous_3)","decl":{"start":{"line":29,"column":22},"end":{"line":29,"column":23}},"loc":{"start":{"line":29,"column":31},"end":{"line":29,"column":51}},"line":29},"4":{"name":"(anonymous_4)","decl":{"start":{"line":36,"column":21},"end":{"line":36,"column":22}},"loc":{"start":{"line":36,"column":30},"end":{"line":36,"column":44}},"line":36},"5":{"name":"(anonymous_5)","decl":{"start":{"line":37,"column":19},"end":{"line":37,"column":20}},"loc":{"start":{"line":37,"column":28},"end":{"line":37,"column":48}},"line":37},"6":{"name":"(anonymous_6)","decl":{"start":{"line":42,"column":18},"end":{"line":42,"column":19}},"loc":{"start":{"line":42,"column":37},"end":{"line":60,"column":1}},"line":42},"7":{"name":"(anonymous_7)","decl":{"start":{"line":50,"column":22},"end":{"line":50,"column":23}},"loc":{"start":{"line":50,"column":31},"end":{"line":50,"column":53}},"line":50},"8":{"name":"(anonymous_8)","decl":{"start":{"line":56,"column":23},"end":{"line":56,"column":24}},"loc":{"start":{"line":56,"column":32},"end":{"line":56,"column":46}},"line":56},"9":{"name":"(anonymous_9)","decl":{"start":{"line":57,"column":21},"end":{"line":57,"column":22}},"loc":{"start":{"line":57,"column":30},"end":{"line":57,"column":52}},"line":57},"10":{"name":"(anonymous_10)","decl":{"start":{"line":62,"column":17},"end":{"line":62,"column":18}},"loc":{"start":{"line":62,"column":45},"end":{"line":66,"column":1}},"line":62},"11":{"name":"(anonymous_11)","decl":{"start":{"line":68,"column":22},"end":{"line":68,"column":23}},"loc":{"start":{"line":68,"column":31},"end":{"line":68,"column":60}},"line":68},"12":{"name":"(anonymous_12)","decl":{"start":{"line":70,"column":23},"end":{"line":70,"column":24}},"loc":{"start":{"line":70,"column":37},"end":{"line":76,"column":1}},"line":70}},"branchMap":{"0":{"loc":{"start":{"line":2,"column":2},"end":{"line":6,"column":2}},"type":"if","locations":[{"start":{"line":2,"column":2},"end":{"line":6,"column":2}},{"start":{},"end":{}}],"line":2},"1":{"loc":{"start":{"line":2,"column":6},"end":{"line":3,"column":21}},"type":"binary-expr","locations":[{"start":{"line":2,"column":6},"end":{"line":2,"column":26}},{"start":{"line":2,"column":30},"end":{"line":2,"column":48}},{"start":{"line":3,"column":1},"end":{"line":3,"column":21}}],"line":2},"2":{"loc":{"start":{"line":8,"column":2},"end":{"line":10,"column":3}},"type":"if","locations":[{"start":{"line":8,"column":2},"end":{"line":10,"column":3}},{"start":{},"end":{}}],"line":8},"3":{"loc":{"start":{"line":10,"column":4},"end":{"line":17,"column":3}},"type":"if","locations":[{"start":{"line":10,"column":4},"end":{"line":17,"column":3}},{"start":{},"end":{}}],"line":10},"4":{"loc":{"start":{"line":11,"column":4},"end":{"line":13,"column":5}},"type":"if","locations":[{"start":{"line":11,"column":4},"end":{"line":13,"column":5}},{"start":{},"end":{}}],"line":11},"5":{"loc":{"start":{"line":16,"column":11},"end":{"line":16,"column":81}},"type":"binary-expr","locations":[{"start":{"line":16,"column":11},"end":{"line":16,"column":43}},{"start":{"line":16,"column":47},"end":{"line":16,"column":81}}],"line":16},"6":{"loc":{"start":{"line":22,"column":1},"end":{"line":26,"column":2}},"type":"if","locations":[{"start":{"line":22,"column":1},"end":{"line":26,"column":2}},{"start":{},"end":{}}],"line":22},"7":{"loc":{"start":{"line":22,"column":5},"end":{"line":23,"column":46}},"type":"binary-expr","locations":[{"start":{"line":22,"column":5},"end":{"line":22,"column":25}},{"start":{"line":22,"column":29},"end":{"line":22,"column":47}},{"start":{"line":23,"column":1},"end":{"line":23,"column":21}},{"start":{"line":23,"column":25},"end":{"line":23,"column":46}}],"line":22},"8":{"loc":{"start":{"line":28,"column":2},"end":{"line":30,"column":3}},"type":"if","locations":[{"start":{"line":28,"column":2},"end":{"line":30,"column":3}},{"start":{},"end":{}}],"line":28},"9":{"loc":{"start":{"line":30,"column":4},"end":{"line":38,"column":3}},"type":"if","locations":[{"start":{"line":30,"column":4},"end":{"line":38,"column":3}},{"start":{},"end":{}}],"line":30},"10":{"loc":{"start":{"line":31,"column":4},"end":{"line":33,"column":5}},"type":"if","locations":[{"start":{"line":31,"column":4},"end":{"line":33,"column":5}},{"start":{},"end":{}}],"line":31},"11":{"loc":{"start":{"line":36,"column":11},"end":{"line":37,"column":49}},"type":"binary-expr","locations":[{"start":{"line":36,"column":11},"end":{"line":36,"column":45}},{"start":{"line":37,"column":7},"end":{"line":37,"column":49}}],"line":36},"12":{"loc":{"start":{"line":43,"column":1},"end":{"line":47,"column":2}},"type":"if","locations":[{"start":{"line":43,"column":1},"end":{"line":47,"column":2}},{"start":{},"end":{}}],"line":43},"13":{"loc":{"start":{"line":43,"column":5},"end":{"line":44,"column":46}},"type":"binary-expr","locations":[{"start":{"line":43,"column":5},"end":{"line":43,"column":25}},{"start":{"line":43,"column":29},"end":{"line":43,"column":47}},{"start":{"line":44,"column":1},"end":{"line":44,"column":21}},{"start":{"line":44,"column":25},"end":{"line":44,"column":46}}],"line":43},"14":{"loc":{"start":{"line":49,"column":2},"end":{"line":51,"column":3}},"type":"if","locations":[{"start":{"line":49,"column":2},"end":{"line":51,"column":3}},{"start":{},"end":{}}],"line":49},"15":{"loc":{"start":{"line":51,"column":4},"end":{"line":58,"column":3}},"type":"if","locations":[{"start":{"line":51,"column":4},"end":{"line":58,"column":3}},{"start":{},"end":{}}],"line":51},"16":{"loc":{"start":{"line":52,"column":4},"end":{"line":54,"column":5}},"type":"if","locations":[{"start":{"line":52,"column":4},"end":{"line":54,"column":5}},{"start":{},"end":{}}],"line":52},"17":{"loc":{"start":{"line":56,"column":11},"end":{"line":57,"column":53}},"type":"binary-expr","locations":[{"start":{"line":56,"column":11},"end":{"line":56,"column":47}},{"start":{"line":57,"column":9},"end":{"line":57,"column":53}}],"line":56},"18":{"loc":{"start":{"line":71,"column":2},"end":{"line":75,"column":3}},"type":"if","locations":[{"start":{"line":71,"column":2},"end":{"line":75,"column":3}},{"start":{"line":73,"column":9},"end":{"line":75,"column":3}}],"line":71},"19":{"loc":{"start":{"line":74,"column":11},"end":{"line":74,"column":59}},"type":"cond-expr","locations":[{"start":{"line":74,"column":33},"end":{"line":74,"column":48}},{"start":{"line":74,"column":51},"end":{"line":74,"column":59}}],"line":74}},"s":{"0":1,"1":18,"2":1,"3":17,"4":7,"5":9,"6":10,"7":4,"8":0,"9":4,"10":4,"11":4,"12":6,"13":1,"14":0,"15":0,"16":0,"17":0,"18":0,"19":0,"20":0,"21":0,"22":0,"23":0,"24":0,"25":0,"26":0,"27":0,"28":1,"29":0,"30":0,"31":0,"32":0,"33":0,"34":0,"35":0,"36":0,"37":0,"38":0,"39":0,"40":0,"41":0,"42":1,"43":1,"44":1,"45":1,"46":20,"47":1,"48":2,"49":1,"50":1,"51":1},"f":{"0":18,"1":9,"2":0,"3":0,"4":0,"5":0,"6":0,"7":0,"8":0,"9":0,"10":1,"11":20,"12":2},"b":{"0":[1,17],"1":[18,7,18],"2":[7,10],"3":[4,6],"4":[0,4],"5":[4,2],"6":[0,0],"7":[0,0,0,0],"8":[0,0],"9":[0,0],"10":[0,0],"11":[0,0],"12":[0,0],"13":[0,0,0,0],"14":[0,0],"15":[0,0],"16":[0,0],"17":[0,0],"18":[1,1],"19":[0,1]},"_coverageSchema":"1a1c01bbd47fc00a2c39e90264f33305004495a9","hash":"31e6a9b29f1790e407dc48c56604759b820fb004"}
}
