TN:
SF:entities/TestConfiguration.js
FN:7,(anonymous_0)
FN:17,(anonymous_1)
FN:110,(anonymous_2)
FN:136,(anonymous_3)
FN:172,(anonymous_4)
FNF:5
FNH:5
FNDA:1,(anonymous_0)
FNDA:1,(anonymous_1)
FNDA:5,(anonymous_2)
FNDA:3,(anonymous_3)
FNDA:24,(anonymous_4)
DA:4,1
DA:10,1
DA:11,1
DA:12,1
DA:13,1
DA:14,1
DA:18,1
DA:26,1
DA:27,5
DA:28,5
DA:29,5
DA:30,5
DA:32,1
DA:33,1
DA:34,1
DA:35,1
DA:37,1
DA:40,1
DA:44,1
DA:46,1
DA:47,1
DA:48,1
DA:49,1
DA:51,1
DA:54,1
DA:57,1
DA:59,1
DA:60,1
DA:61,1
DA:62,1
DA:64,1
DA:66,1
DA:68,1
DA:71,1
DA:73,2
DA:74,2
DA:75,2
DA:76,2
DA:78,2
DA:79,0
DA:81,2
DA:82,2
DA:83,2
DA:86,2
DA:87,1
DA:88,1
DA:91,2
DA:95,2
DA:97,0
DA:107,1
DA:113,5
DA:115,3
DA:116,3
DA:117,3
DA:119,0
DA:120,0
DA:121,0
DA:123,1
DA:124,1
DA:125,1
DA:127,1
DA:128,1
DA:129,1
DA:131,0
DA:133,5
DA:139,3
DA:141,0
DA:142,0
DA:144,0
DA:145,0
DA:147,0
DA:148,0
DA:150,1
DA:151,1
DA:153,1
DA:154,1
DA:156,0
DA:157,0
DA:159,1
DA:161,1
DA:163,0
DA:165,0
DA:167,0
DA:169,3
DA:175,24
DA:177,0
DA:178,0
DA:179,0
DA:181,0
DA:182,0
DA:183,0
DA:185,0
DA:186,0
DA:188,1
DA:189,1
DA:191,7
DA:192,3
DA:193,4
DA:194,0
DA:196,4
DA:198,7
DA:200,0
DA:201,0
DA:202,0
DA:203,0
DA:205,0
DA:207,0
DA:209,0
DA:210,0
DA:211,0
DA:213,0
DA:214,0
DA:215,0
DA:217,3
DA:218,3
DA:220,0
DA:221,0
DA:223,1
DA:224,1
DA:226,0
DA:227,0
DA:229,0
DA:230,0
DA:232,0
DA:233,0
DA:235,1
DA:236,1
DA:238,0
DA:239,0
DA:241,4
DA:242,0
DA:244,4
DA:245,2
DA:246,2
DA:247,0
DA:248,2
DA:249,2
DA:251,0
DA:253,4
DA:255,2
DA:256,1
DA:258,1
DA:259,1
DA:260,0
DA:261,0
DA:262,0
DA:263,0
DA:265,0
DA:267,1
DA:269,2
DA:270,2
DA:272,2
DA:273,2
DA:275,1
DA:277,18
DA:281,1
LF:156
LH:100
BRDA:30,0,0,1
BRDA:30,0,1,1
BRDA:30,0,2,1
BRDA:30,0,3,2
BRDA:30,0,4,0
BRDA:66,1,0,1
BRDA:66,1,1,0
BRDA:73,2,0,2
BRDA:73,2,1,0
BRDA:78,3,0,0
BRDA:78,3,1,2
BRDA:78,4,0,2
BRDA:78,4,1,2
BRDA:78,4,2,0
BRDA:82,5,0,1
BRDA:82,5,1,1
BRDA:86,6,0,1
BRDA:86,6,1,1
BRDA:86,7,0,2
BRDA:86,7,1,1
BRDA:88,8,0,1
BRDA:88,8,1,0
BRDA:113,9,0,3
BRDA:113,9,1,0
BRDA:113,9,2,1
BRDA:113,9,3,1
BRDA:113,9,4,0
BRDA:139,10,0,0
BRDA:139,10,1,0
BRDA:139,10,2,0
BRDA:139,10,3,1
BRDA:139,10,4,1
BRDA:139,10,5,0
BRDA:139,10,6,1
BRDA:139,10,7,0
BRDA:139,10,8,0
BRDA:175,11,0,0
BRDA:175,11,1,0
BRDA:175,11,2,0
BRDA:175,11,3,1
BRDA:175,11,4,7
BRDA:175,11,5,0
BRDA:175,11,6,0
BRDA:175,11,7,0
BRDA:175,11,8,3
BRDA:175,11,9,1
BRDA:175,11,10,0
BRDA:175,11,11,1
BRDA:175,11,12,4
BRDA:175,11,13,2
BRDA:175,11,14,2
BRDA:175,11,15,2
BRDA:175,11,16,1
BRDA:191,12,0,3
BRDA:191,12,1,4
BRDA:191,13,0,7
BRDA:191,13,1,5
BRDA:193,14,0,0
BRDA:193,14,1,4
BRDA:200,15,0,0
BRDA:200,15,1,0
BRDA:200,16,0,0
BRDA:200,16,1,0
BRDA:202,17,0,0
BRDA:202,17,1,0
BRDA:217,18,0,3
BRDA:217,18,1,0
BRDA:217,19,0,3
BRDA:217,19,1,0
BRDA:223,20,0,1
BRDA:223,20,1,0
BRDA:223,21,0,1
BRDA:223,21,1,0
BRDA:229,22,0,0
BRDA:229,22,1,0
BRDA:229,23,0,0
BRDA:229,23,1,0
BRDA:235,24,0,1
BRDA:235,24,1,0
BRDA:235,25,0,1
BRDA:235,25,1,0
BRDA:241,26,0,0
BRDA:241,26,1,4
BRDA:241,27,0,4
BRDA:241,27,1,4
BRDA:244,28,0,2
BRDA:244,28,1,2
BRDA:246,29,0,0
BRDA:246,29,1,2
BRDA:248,30,0,2
BRDA:248,30,1,0
BRDA:255,31,0,1
BRDA:255,31,1,1
BRDA:255,32,0,2
BRDA:255,32,1,1
BRDA:258,33,0,1
BRDA:258,33,1,0
BRDA:260,34,0,0
BRDA:260,34,1,0
BRDA:262,35,0,0
BRDA:262,35,1,0
BRF:101
BRH:55
end_of_record
TN:
SF:entities/utils/helpers.js
FN:1,(anonymous_0)
FN:9,(anonymous_1)
FN:21,(anonymous_2)
FN:29,(anonymous_3)
FN:36,(anonymous_4)
FN:37,(anonymous_5)
FN:42,(anonymous_6)
FN:50,(anonymous_7)
FN:56,(anonymous_8)
FN:57,(anonymous_9)
FN:62,(anonymous_10)
FN:68,(anonymous_11)
FN:70,(anonymous_12)
FNF:13
FNH:5
FNDA:18,(anonymous_0)
FNDA:9,(anonymous_1)
FNDA:0,(anonymous_2)
FNDA:0,(anonymous_3)
FNDA:0,(anonymous_4)
FNDA:0,(anonymous_5)
FNDA:0,(anonymous_6)
FNDA:0,(anonymous_7)
FNDA:0,(anonymous_8)
FNDA:0,(anonymous_9)
FNDA:1,(anonymous_10)
FNDA:20,(anonymous_11)
FNDA:2,(anonymous_12)
DA:1,1
DA:2,18
DA:5,1
DA:8,17
DA:9,9
DA:10,10
DA:11,4
DA:12,0
DA:14,4
DA:15,4
DA:16,4
DA:18,6
DA:21,1
DA:22,0
DA:25,0
DA:28,0
DA:29,0
DA:30,0
DA:31,0
DA:32,0
DA:34,0
DA:35,0
DA:36,0
DA:37,0
DA:39,0
DA:42,1
DA:43,0
DA:46,0
DA:49,0
DA:50,0
DA:51,0
DA:52,0
DA:53,0
DA:55,0
DA:56,0
DA:57,0
DA:59,0
DA:62,1
DA:63,1
DA:65,1
DA:68,20
DA:70,1
DA:71,2
DA:72,1
DA:74,1
DA:78,1
LF:46
LH:22
BRDA:2,0,0,1
BRDA:2,0,1,17
BRDA:2,1,0,18
BRDA:2,1,1,7
BRDA:2,1,2,18
BRDA:8,2,0,7
BRDA:8,2,1,10
BRDA:10,3,0,4
BRDA:10,3,1,6
BRDA:11,4,0,0
BRDA:11,4,1,4
BRDA:16,5,0,4
BRDA:16,5,1,2
BRDA:22,6,0,0
BRDA:22,6,1,0
BRDA:22,7,0,0
BRDA:22,7,1,0
BRDA:22,7,2,0
BRDA:22,7,3,0
BRDA:28,8,0,0
BRDA:28,8,1,0
BRDA:30,9,0,0
BRDA:30,9,1,0
BRDA:31,10,0,0
BRDA:31,10,1,0
BRDA:36,11,0,0
BRDA:36,11,1,0
BRDA:43,12,0,0
BRDA:43,12,1,0
BRDA:43,13,0,0
BRDA:43,13,1,0
BRDA:43,13,2,0
BRDA:43,13,3,0
BRDA:49,14,0,0
BRDA:49,14,1,0
BRDA:51,15,0,0
BRDA:51,15,1,0
BRDA:52,16,0,0
BRDA:52,16,1,0
BRDA:56,17,0,0
BRDA:56,17,1,0
BRDA:71,18,0,1
BRDA:71,18,1,1
BRDA:74,19,0,0
BRDA:74,19,1,1
BRF:45
BRH:15
end_of_record
